0 info it worked if it ends with ok
1 verbose cli [ '/Users/rob/.nvm/versions/node/v6.0.0/bin/node',
1 verbose cli   '/Users/rob/.nvm/versions/node/v6.0.0/bin/npm',
1 verbose cli   'run',
1 verbose cli   'unit' ]
2 info using npm@3.8.6
3 info using node@v6.0.0
4 verbose run-script [ 'preunit', 'unit', 'postunit' ]
5 info lifecycle knex-tdd-tutorial@1.0.0~preunit: knex-tdd-tutorial@1.0.0
6 silly lifecycle knex-tdd-tutorial@1.0.0~preunit: no script for preunit, continuing
7 info lifecycle knex-tdd-tutorial@1.0.0~unit: knex-tdd-tutorial@1.0.0
8 verbose lifecycle knex-tdd-tutorial@1.0.0~unit: unsafe-perm in lifecycle true
9 verbose lifecycle knex-tdd-tutorial@1.0.0~unit: PATH: /Users/rob/.nvm/versions/node/v6.0.0/lib/node_modules/npm/bin/node-gyp-bin:/Users/rob/Documents/git/knex-tdd-tutorial/node_modules/.bin:/Users/rob/.nvm/versions/node/v6.0.0/bin:/Library/Frameworks/Python.framework/Versions/2.7/bin:/Library/Frameworks/Python.framework/Versions/3.5/bin:/Users/rob/.nvm/versions/node/v6.0.0/bin:/opt/local/bin:/opt/local/sbin:/Users/rob/.npm-packages/bin:/Users/rob/.node/bin:/Users/rob/bin/Sencha/Cmd/4.0.2.67:/Users/rob/bin/Sencha/Cmd/3.1.0.256:/Users/rob/.rvm/gems/ruby-2.1.1/bin:/Users/rob/.rvm/gems/ruby-2.1.1@global/bin:/Users/rob/.rvm/rubies/ruby-2.1.1/bin:/Users/rob/bin/Sencha/Cmd/3.0.2.288:/Users/rob/bin/Sencha/Cmd/3.0.0.190:/opt/local/bin:/opt/local/sbin:/usr/local/bin:/usr/bin:/bin:/usr/sbin:/sbin:/opt/X11/bin:/usr/local/git/bin:/Applications/Momentics.app/host_10_2_0_15/darwin/x86/usr/bin:/Users/rob/.rvm/bin:/Users/rob/Development/android-sdk-macosx/platform-tools/:/Users/rob/Development/android-sdk-macosx/tools/
10 verbose lifecycle knex-tdd-tutorial@1.0.0~unit: CWD: /Users/rob/Documents/git/knex-tdd-tutorial
11 silly lifecycle knex-tdd-tutorial@1.0.0~unit: Args: [ '-c',
11 silly lifecycle   'find ./src -name \'*.spec.js\' | ./node_modules/cross-env/bin/cross-env.js NODE_ENV=unit xargs ./node_modules/mocha/bin/mocha --require babel-register' ]
12 silly lifecycle knex-tdd-tutorial@1.0.0~unit: Returned: code: 1  signal: null
13 info lifecycle knex-tdd-tutorial@1.0.0~unit: Failed to exec unit script
14 verbose stack Error: knex-tdd-tutorial@1.0.0 unit: `find ./src -name '*.spec.js' | ./node_modules/cross-env/bin/cross-env.js NODE_ENV=unit xargs ./node_modules/mocha/bin/mocha --require babel-register`
14 verbose stack Exit status 1
14 verbose stack     at EventEmitter.<anonymous> (/Users/rob/.nvm/versions/node/v6.0.0/lib/node_modules/npm/lib/utils/lifecycle.js:239:16)
14 verbose stack     at emitTwo (events.js:106:13)
14 verbose stack     at EventEmitter.emit (events.js:191:7)
14 verbose stack     at ChildProcess.<anonymous> (/Users/rob/.nvm/versions/node/v6.0.0/lib/node_modules/npm/lib/utils/spawn.js:24:14)
14 verbose stack     at emitTwo (events.js:106:13)
14 verbose stack     at ChildProcess.emit (events.js:191:7)
14 verbose stack     at maybeClose (internal/child_process.js:850:16)
14 verbose stack     at Process.ChildProcess._handle.onexit (internal/child_process.js:215:5)
15 verbose pkgid knex-tdd-tutorial@1.0.0
16 verbose cwd /Users/rob/Documents/git/knex-tdd-tutorial
17 error Darwin 16.1.0
18 error argv "/Users/rob/.nvm/versions/node/v6.0.0/bin/node" "/Users/rob/.nvm/versions/node/v6.0.0/bin/npm" "run" "unit"
19 error node v6.0.0
20 error npm  v3.8.6
21 error code ELIFECYCLE
22 error knex-tdd-tutorial@1.0.0 unit: `find ./src -name '*.spec.js' | ./node_modules/cross-env/bin/cross-env.js NODE_ENV=unit xargs ./node_modules/mocha/bin/mocha --require babel-register`
22 error Exit status 1
23 error Failed at the knex-tdd-tutorial@1.0.0 unit script 'find ./src -name '*.spec.js' | ./node_modules/cross-env/bin/cross-env.js NODE_ENV=unit xargs ./node_modules/mocha/bin/mocha --require babel-register'.
23 error Make sure you have the latest version of node.js and npm installed.
23 error If you do, this is most likely a problem with the knex-tdd-tutorial package,
23 error not with npm itself.
23 error Tell the author that this fails on your system:
23 error     find ./src -name '*.spec.js' | ./node_modules/cross-env/bin/cross-env.js NODE_ENV=unit xargs ./node_modules/mocha/bin/mocha --require babel-register
23 error You can get information on how to open an issue for this project with:
23 error     npm bugs knex-tdd-tutorial
23 error Or if that isn't available, you can get their info via:
23 error     npm owner ls knex-tdd-tutorial
23 error There is likely additional logging output above.
24 verbose exit [ 1, true ]
